#
# A fatal error has been detected by the Java Runtime Environment:
#
#  EXCEPTION_ACCESS_VIOLATION (0xc0000005) at pc=0x00007ffc8630adcb, pid=23404, tid=13620
#
# JRE version: OpenJDK Runtime Environment (11.0.4+10) (build 11.0.4+10-b304.69)
# Java VM: OpenJDK 64-Bit Server VM (11.0.4+10-b304.69, mixed mode, sharing, tiered, compressed oops, g1 gc, windows-amd64)
# Problematic frame:
# C  [jniortools.dll+0x25adcb]
#
# No core dump will be written. Minidumps are not enabled by default on client versions of Windows
#
# If you would like to submit a bug report, please visit:
#   http://bugreport.java.com/bugreport/crash.jsp
# The crash happened outside the Java Virtual Machine in native code.
# See problematic frame for where to report the bug.
#

---------------  S U M M A R Y ------------

Command Line: -Djava.library.path=C:\Uni\ILP\cw2\or-tools -javaagent:D:\Program Files\JetBrains\IntelliJ IDEA Community Edition 2019.2.3\lib\idea_rt.jar=58261:D:\Program Files\JetBrains\IntelliJ IDEA Community Edition 2019.2.3\bin -Dfile.encoding=UTF-8 uk.ac.ed.inf.TspCities

Host: Intel(R) Core(TM) i7-7700HQ CPU @ 2.80GHz, 8 cores, 15G,  Windows 10 , 64 bit Build 18362 (10.0.18362.1082)
Time: Sun Sep 27 18:00:58 2020 GMT Summer Time elapsed time: 4 seconds (0d 0h 0m 4s)

---------------  T H R E A D  ---------------

Current thread (0x00000231d47b0800):  JavaThread "main" [_thread_in_native, id=13620, stack(0x0000008ace100000,0x0000008ace200000)]

Stack: [0x0000008ace100000,0x0000008ace200000],  sp=0x0000008ace1fee50,  free space=1019k
Native frames: (J=compiled Java code, j=interpreted, Vv=VM code, C=native code)
C  [jniortools.dll+0x25adcb]

Java frames: (J=compiled Java code, j=interpreted, Vv=VM code)
j  com.google.ortools.constraintsolver.mainJNI.Assignment_value(JLcom/google/ortools/constraintsolver/Assignment;JLcom/google/ortools/constraintsolver/IntVar;)J+0
j  com.google.ortools.constraintsolver.Assignment.value(Lcom/google/ortools/constraintsolver/IntVar;)J+10
j  uk.ac.ed.inf.GraphOptimizer.optimize()V+93
j  uk.ac.ed.inf.TspCities.main([Ljava/lang/String;)V+22
v  ~StubRoutines::call_stub

siginfo: EXCEPTION_ACCESS_VIOLATION (0xc0000005), reading address 0x0000000000000010


Register to memory mapping:

RIP=0x00007ffc8630adcb jniortools.dll
RAX=0x0 is NULL
RBX=0x00000231f4e66a50 points into unknown readable memory: e0 eb ea f4 31 02 00 00
RCX=0x0000008ace1fedc0 is pointing into the stack for thread: 0x00000231d47b0800
RDX=0x0000008ace1fee20 is pointing into the stack for thread: 0x00000231d47b0800
RSP=0x0000008ace1fee50 is pointing into the stack for thread: 0x00000231d47b0800
RBP=0x0000008ace1fef28 is pointing into the stack for thread: 0x00000231d47b0800
RSI=0x0000000040000021 is an unknown value
RDI=0x00000231d85d9950 is at code_begin+1040 in an Interpreter codelet
invoke return entry points  [0x00000231d85d9540, 0x00000231d85d9f60]  2592 bytes
R8 =0x000000000000002a is an unknown value
R9 =0x88001f0063241f5a is an unknown value
R10=0x88001f0063241f5a is an unknown value
R11=0x000000071065dc70 points into unknown readable memory: 01 8e e6 06 71 00 00 00
R12=0x0 is NULL
R13={method} {0x00000231f40ac420} 'Assignment_value' '(JLcom/google/ortools/constraintsolver/Assignment;JLcom/google/ortools/constraintsolver/IntVar;)J' in 'com/google/ortools/constraintsolver/mainJNI'
R14=0x0000008ace1fef70 is pointing into the stack for thread: 0x00000231d47b0800
R15=0x00000231d47b0800 is a thread


Registers:
RAX=0x0000000000000000, RBX=0x00000231f4e66a50, RCX=0x0000008ace1fedc0, RDX=0x0000008ace1fee20
RSP=0x0000008ace1fee50, RBP=0x0000008ace1fef28, RSI=0x0000000040000021, RDI=0x00000231d85d9950
R8 =0x000000000000002a, R9 =0x88001f0063241f5a, R10=0x88001f0063241f5a, R11=0x000000071065dc70
R12=0x0000000000000000, R13=0x00000231f40ac418, R14=0x0000008ace1fef70, R15=0x00000231d47b0800
RIP=0x00007ffc8630adcb, EFLAGS=0x0000000000010246

Top of Stack: (sp=0x0000008ace1fee50)
0x0000008ace1fee50:   00000231f4e66a50 88001f0063241f5a
0x0000008ace1fee60:   0000008ace1fee60 00000231f41c3d66
0x0000008ace1fee70:   0000008affffffff 00000231f41c4938
0x0000008ace1fee80:   00000231f40ac418 00000231d85df0f7
0x0000008ace1fee90:   00000231f41c3d78 0000000000000000
0x0000008ace1feea0:   0000008ace1feeb8 0000008ace1fef20
0x0000008ace1feeb0:   88001f0063241f5a 0000008ace1fef48
0x0000008ace1feec0:   88001f0063241f5a 0000000000000000
0x0000008ace1feed0:   00000007104c9928 0000008ace1feed8
0x0000008ace1feee0:   0000008ace1feee0 0000000000000000
0x0000008ace1feef0:   0000008ace1fef70 00000231f40d15c8
0x0000008ace1fef00:   0000000000000000 000000071065dc70
0x0000008ace1fef10:   00000231f40ac418 0000000000000000
0x0000008ace1fef20:   0000008ace1fef48 0000008ace1fefc0
0x0000008ace1fef30:   00000231d85d9950 000000071065dc70
0x0000008ace1fef40:   00000231d85dc017 00000007104c9928 

Instructions: (pc=0x00007ffc8630adcb)
0x00007ffc8630accb:   b6 c0 48 89 43 40 48 85 c0 74 5a 48 8b 4b 48 48
0x00007ffc8630acdb:   8b 01 ff 50 20 48 8b 4b 48 48 89 43 08 48 8b 01
0x00007ffc8630aceb:   ff 50 28 48 8b 4b 48 48 89 43 10 48 8b 01 ff 50
0x00007ffc8630acfb:   68 48 8b 4b 48 48 89 43 18 48 8b 01 ff 50 70 48
0x00007ffc8630ad0b:   8b 4b 48 48 89 43 20 48 8b 01 ff 90 b0 00 00 00
0x00007ffc8630ad1b:   48 8b 4b 48 48 89 43 28 48 8b 01 ff 90 b8 00 00
0x00007ffc8630ad2b:   00 48 89 43 30 48 83 c4 20 5b c3 cc cc cc cc cc
0x00007ffc8630ad3b:   cc cc cc cc cc 4c 8d 49 40 4c 8d 41 28 48 8d 51
0x00007ffc8630ad4b:   10 48 8b 49 08 e9 2b ef 03 00 cc cc cc cc cc cc
0x00007ffc8630ad5b:   cc cc cc cc cc 48 83 ec 28 48 81 c1 a0 00 00 00
0x00007ffc8630ad6b:   e8 00 56 de ff 48 83 c0 40 48 83 c4 28 c3 cc cc
0x00007ffc8630ad7b:   cc cc cc cc cc 48 8d 41 40 c3 cc cc cc cc cc cc
0x00007ffc8630ad8b:   cc cc cc cc cc 40 53 48 83 ec 30 48 8d 59 10 c7
0x00007ffc8630ad9b:   44 24 20 ff ff ff ff 4c 8d 44 24 20 48 8b cb e8
0x00007ffc8630adab:   11 66 de ff 84 c0 74 16 48 63 44 24 20 48 c1 e0
0x00007ffc8630adbb:   05 48 03 03 48 8b 40 10 48 83 c4 30 5b c3 33 c0
0x00007ffc8630adcb:   48 8b 40 10 48 83 c4 30 5b c3 cc cc cc cc cc cc
0x00007ffc8630addb:   cc cc cc cc cc 48 89 5c 24 18 57 48 83 ec 50 48
0x00007ffc8630adeb:   8b 05 d7 56 d4 02 48 33 c4 48 89 44 24 40 48 8b
0x00007ffc8630adfb:   da 48 8b f9 48 8b 49 08 48 8b 01 48 8d 54 24 20
0x00007ffc8630ae0b:   ff 50 10 90 48 8b 53 08 48 83 e2 fe f6 43 08 01
0x00007ffc8630ae1b:   74 03 48 8b 12 48 8b 4b 10 4c 8d 05 a5 5b d8 02
0x00007ffc8630ae2b:   49 3b c8 75 0e 4c 8b c0 48 8d 4b 10 e8 74 76 eb
0x00007ffc8630ae3b:   ff eb 1c 48 3b c8 74 17 48 8b d0 48 83 78 18 10
0x00007ffc8630ae4b:   72 03 48 8b 10 4c 8b 40 10 e8 07 12 e0 ff 90 48
0x00007ffc8630ae5b:   8b 54 24 38 48 83 fa 10 72 35 48 ff c2 48 8b 4c
0x00007ffc8630ae6b:   24 20 48 8b c1 48 81 fa 00 10 00 00 72 1c 48 83
0x00007ffc8630ae7b:   c2 27 48 8b 49 f8 48 2b c1 48 83 c0 f8 48 83 f8
0x00007ffc8630ae8b:   1f 76 07 ff 15 a4 eb 94 01 cc e8 6e 09 8b 01 48
0x00007ffc8630ae9b:   8b 47 10 48 89 43 18 48 8b 47 18 48 89 43 20 0f
0x00007ffc8630aeab:   b6 07 88 43 28 48 8b 4c 24 40 48 33 cc e8 f3 0a
0x00007ffc8630aebb:   8b 01 48 8b 5c 24 70 48 83 c4 50 5f c3 cc cc cc 


Stack slot to memory mapping:
stack at sp + 0 slots: 0x00000231f4e66a50 points into unknown readable memory: e0 eb ea f4 31 02 00 00
stack at sp + 1 slots: 0x88001f0063241f5a is an unknown value
stack at sp + 2 slots: 0x0000008ace1fee60 is pointing into the stack for thread: 0x00000231d47b0800
stack at sp + 3 slots: 0x00000231f41c3d66 is pointing into metadata
stack at sp + 4 slots: 0x0000008affffffff is an unknown value
stack at sp + 5 slots: 0x00000231f41c4938 is pointing into metadata
stack at sp + 6 slots: {method} {0x00000231f40ac420} 'Assignment_value' '(JLcom/google/ortools/constraintsolver/Assignment;JLcom/google/ortools/constraintsolver/IntVar;)J' in 'com/google/ortools/constraintsolver/mainJNI'
stack at sp + 7 slots: 0x00000231d85df0f7 is at code_begin+1047 in an Interpreter codelet
method entry point (kind = native)  [0x00000231d85dece0, 0x00000231d85df840]  2912 bytes


---------------  P R O C E S S  ---------------

Threads class SMR info:
_java_thread_list=0x00000231f4e28430, length=11, elements={
0x00000231d47b0800, 0x00000231f12b6800, 0x00000231f12b7800, 0x00000231f454d800,
0x00000231f4540800, 0x00000231f454f800, 0x00000231f455c000, 0x00000231f4567000,
0x00000231f46a7800, 0x00000231f46a6800, 0x00000231f46a5800
}

Java Threads: ( => current thread )
=>0x00000231d47b0800 JavaThread "main" [_thread_in_native, id=13620, stack(0x0000008ace100000,0x0000008ace200000)]
  0x00000231f12b6800 JavaThread "Reference Handler" daemon [_thread_blocked, id=18948, stack(0x0000008ace800000,0x0000008ace900000)]
  0x00000231f12b7800 JavaThread "Finalizer" daemon [_thread_blocked, id=12068, stack(0x0000008ace900000,0x0000008acea00000)]
  0x00000231f454d800 JavaThread "Signal Dispatcher" daemon [_thread_blocked, id=23064, stack(0x0000008acea00000,0x0000008aceb00000)]
  0x00000231f4540800 JavaThread "Attach Listener" daemon [_thread_blocked, id=17000, stack(0x0000008aceb00000,0x0000008acec00000)]
  0x00000231f454f800 JavaThread "C2 CompilerThread0" daemon [_thread_blocked, id=13572, stack(0x0000008acec00000,0x0000008aced00000)]
  0x00000231f455c000 JavaThread "C1 CompilerThread0" daemon [_thread_blocked, id=3872, stack(0x0000008aced00000,0x0000008acee00000)]
  0x00000231f4567000 JavaThread "Sweeper thread" daemon [_thread_blocked, id=2432, stack(0x0000008acee00000,0x0000008acef00000)]
  0x00000231f46a7800 JavaThread "Common-Cleaner" daemon [_thread_blocked, id=4672, stack(0x0000008acef00000,0x0000008acf000000)]
  0x00000231f46a6800 JavaThread "Monitor Ctrl-Break" daemon [_thread_in_native, id=16056, stack(0x0000008acf100000,0x0000008acf200000)]
  0x00000231f46a5800 JavaThread "Service Thread" daemon [_thread_blocked, id=8280, stack(0x0000008acf200000,0x0000008acf300000)]

Other Threads:
  0x00000231f12b4800 VMThread "VM Thread" [stack: 0x0000008ace700000,0x0000008ace800000] [id=16004]
  0x00000231f4994800 WatcherThread [stack: 0x0000008acf300000,0x0000008acf400000] [id=13692]
  0x00000231d47c8800 GCTaskThread "GC Thread#0" [stack: 0x0000008ace200000,0x0000008ace300000] [id=20604]
  0x00000231f10f8000 ConcurrentGCThread "G1 Main Marker" [stack: 0x0000008ace300000,0x0000008ace400000] [id=5664]
  0x00000231f10f9800 ConcurrentGCThread "G1 Conc#0" [stack: 0x0000008ace400000,0x0000008ace500000] [id=22708]
  0x00000231f1223000 ConcurrentGCThread "G1 Refine#0" [stack: 0x0000008ace500000,0x0000008ace600000] [id=10492]
  0x00000231f1224800 ConcurrentGCThread "G1 Young RemSet Sampling" [stack: 0x0000008ace600000,0x0000008ace700000] [id=17776]

Threads with active compile tasks:

VM state:not at safepoint (normal execution)

VM Mutex/Monitor currently owned by a thread: None

Heap address: 0x0000000700a00000, size: 4086 MB, Compressed Oops mode: Zero based, Oop shift amount: 3
Narrow klass base: 0x0000000800000000, Narrow klass shift: 3
Compressed class space size: 1073741824 Address: 0x0000000840000000

Heap:
 garbage-first heap   total 262144K, used 6144K [0x0000000700a00000, 0x0000000800000000)
  region size 1024K, 7 young (7168K), 0 survivors (0K)
 Metaspace       used 2808K, capacity 6055K, committed 6272K, reserved 1056768K
  class space    used 211K, capacity 528K, committed 640K, reserved 1048576K
Heap Regions: E=young(eden), S=young(survivor), O=old, HS=humongous(starts), HC=humongous(continues), CS=collection set, F=free, A=archive, TAMS=top-at-mark-start (previous, next)
|   0|0x0000000700a00000, 0x0000000700a00000, 0x0000000700b00000|  0%| F|  |TAMS 0x0000000700a00000, 0x0000000700a00000| Untracked 
|   1|0x0000000700b00000, 0x0000000700b00000, 0x0000000700c00000|  0%| F|  |TAMS 0x0000000700b00000, 0x0000000700b00000| Untracked 
|   2|0x0000000700c00000, 0x0000000700c00000, 0x0000000700d00000|  0%| F|  |TAMS 0x0000000700c00000, 0x0000000700c00000| Untracked 
|   3|0x0000000700d00000, 0x0000000700d00000, 0x0000000700e00000|  0%| F|  |TAMS 0x0000000700d00000, 0x0000000700d00000| Untracked 
|   4|0x0000000700e00000, 0x0000000700e00000, 0x0000000700f00000|  0%| F|  |TAMS 0x0000000700e00000, 0x0000000700e00000| Untracked 
|   5|0x0000000700f00000, 0x0000000700f00000, 0x0000000701000000|  0%| F|  |TAMS 0x0000000700f00000, 0x0000000700f00000| Untracked 
|   6|0x0000000701000000, 0x0000000701000000, 0x0000000701100000|  0%| F|  |TAMS 0x0000000701000000, 0x0000000701000000| Untracked 
|   7|0x0000000701100000, 0x0000000701100000, 0x0000000701200000|  0%| F|  |TAMS 0x0000000701100000, 0x0000000701100000| Untracked 
|   8|0x0000000701200000, 0x0000000701200000, 0x0000000701300000|  0%| F|  |TAMS 0x0000000701200000, 0x0000000701200000| Untracked 
|   9|0x0000000701300000, 0x0000000701300000, 0x0000000701400000|  0%| F|  |TAMS 0x0000000701300000, 0x0000000701300000| Untracked 
|  10|0x0000000701400000, 0x0000000701400000, 0x0000000701500000|  0%| F|  |TAMS 0x0000000701400000, 0x0000000701400000| Untracked 
|  11|0x0000000701500000, 0x0000000701500000, 0x0000000701600000|  0%| F|  |TAMS 0x0000000701500000, 0x0000000701500000| Untracked 
|  12|0x0000000701600000, 0x0000000701600000, 0x0000000701700000|  0%| F|  |TAMS 0x0000000701600000, 0x0000000701600000| Untracked 
|  13|0x0000000701700000, 0x0000000701700000, 0x0000000701800000|  0%| F|  |TAMS 0x0000000701700000, 0x0000000701700000| Untracked 
|  14|0x0000000701800000, 0x0000000701800000, 0x0000000701900000|  0%| F|  |TAMS 0x0000000701800000, 0x0000000701800000| Untracked 
|  15|0x0000000701900000, 0x0000000701900000, 0x0000000701a00000|  0%| F|  |TAMS 0x0000000701900000, 0x0000000701900000| Untracked 
|  16|0x0000000701a00000, 0x0000000701a00000, 0x0000000701b00000|  0%| F|  |TAMS 0x0000000701a00000, 0x0000000701a00000| Untracked 
|  17|0x0000000701b00000, 0x0000000701b00000, 0x0000000701c00000|  0%| F|  |TAMS 0x0000000701b00000, 0x0000000701b00000| Untracked 
|  18|0x0000000701c00000, 0x0000000701c00000, 0x0000000701d00000|  0%| F|  |TAMS 0x0000000701c00000, 0x0000000701c00000| Untracked 
|  19|0x0000000701d00000, 0x0000000701d00000, 0x0000000701e00000|  0%| F|  |TAMS 0x0000000701d00000, 0x0000000701d00000| Untracked 
|  20|0x0000000701e00000, 0x0000000701e00000, 0x0000000701f00000|  0%| F|  |TAMS 0x0000000701e00000, 0x0000000701e00000| Untracked 
|  21|0x0000000701f00000, 0x0000000701f00000, 0x0000000702000000|  0%| F|  |TAMS 0x0000000701f00000, 0x0000000701f00000| Untracked 
|  22|0x0000000702000000, 0x0000000702000000, 0x0000000702100000|  0%| F|  |TAMS 0x0000000702000000, 0x0000000702000000| Untracked 
|  23|0x0000000702100000, 0x0000000702100000, 0x0000000702200000|  0%| F|  |TAMS 0x0000000702100000, 0x0000000702100000| Untracked 
|  24|0x0000000702200000, 0x0000000702200000, 0x0000000702300000|  0%| F|  |TAMS 0x0000000702200000, 0x0000000702200000| Untracked 
|  25|0x0000000702300000, 0x0000000702300000, 0x0000000702400000|  0%| F|  |TAMS 0x0000000702300000, 0x0000000702300000| Untracked 
|  26|0x0000000702400000, 0x0000000702400000, 0x0000000702500000|  0%| F|  |TAMS 0x0000000702400000, 0x0000000702400000| Untracked 
|  27|0x0000000702500000, 0x0000000702500000, 0x0000000702600000|  0%| F|  |TAMS 0x0000000702500000, 0x0000000702500000| Untracked 
|  28|0x0000000702600000, 0x0000000702600000, 0x0000000702700000|  0%| F|  |TAMS 0x0000000702600000, 0x0000000702600000| Untracked 
|  29|0x0000000702700000, 0x0000000702700000, 0x0000000702800000|  0%| F|  |TAMS 0x0000000702700000, 0x0000000702700000| Untracked 
|  30|0x0000000702800000, 0x0000000702800000, 0x0000000702900000|  0%| F|  |TAMS 0x0000000702800000, 0x0000000702800000| Untracked 
|  31|0x0000000702900000, 0x0000000702900000, 0x0000000702a00000|  0%| F|  |TAMS 0x0000000702900000, 0x0000000702900000| Untracked 
|  32|0x0000000702a00000, 0x0000000702a00000, 0x0000000702b00000|  0%| F|  |TAMS 0x0000000702a00000, 0x0000000702a00000| Untracked 
|  33|0x0000000702b00000, 0x0000000702b00000, 0x0000000702c00000|  0%| F|  |TAMS 0x0000000702b00000, 0x0000000702b00000| Untracked 
|  34|0x0000000702c00000, 0x0000000702c00000, 0x0000000702d00000|  0%| F|  |TAMS 0x0000000702c00000, 0x0000000702c00000| Untracked 
|  35|0x0000000702d00000, 0x0000000702d00000, 0x0000000702e00000|  0%| F|  |TAMS 0x0000000702d00000, 0x0000000702d00000| Untracked 
|  36|0x0000000702e00000, 0x0000000702e00000, 0x0000000702f00000|  0%| F|  |TAMS 0x0000000702e00000, 0x0000000702e00000| Untracked 
|  37|0x0000000702f00000, 0x0000000702f00000, 0x0000000703000000|  0%| F|  |TAMS 0x0000000702f00000, 0x0000000702f00000| Untracked 
|  38|0x0000000703000000, 0x0000000703000000, 0x0000000703100000|  0%| F|  |TAMS 0x0000000703000000, 0x0000000703000000| Untracked 
|  39|0x0000000703100000, 0x0000000703100000, 0x0000000703200000|  0%| F|  |TAMS 0x0000000703100000, 0x0000000703100000| Untracked 
|  40|0x0000000703200000, 0x0000000703200000, 0x0000000703300000|  0%| F|  |TAMS 0x0000000703200000, 0x0000000703200000| Untracked 
|  41|0x0000000703300000, 0x0000000703300000, 0x0000000703400000|  0%| F|  |TAMS 0x0000000703300000, 0x0000000703300000| Untracked 
|  42|0x0000000703400000, 0x0000000703400000, 0x0000000703500000|  0%| F|  |TAMS 0x0000000703400000, 0x0000000703400000| Untracked 
|  43|0x0000000703500000, 0x0000000703500000, 0x0000000703600000|  0%| F|  |TAMS 0x0000000703500000, 0x0000000703500000| Untracked 
|  44|0x0000000703600000, 0x0000000703600000, 0x0000000703700000|  0%| F|  |TAMS 0x0000000703600000, 0x0000000703600000| Untracked 
|  45|0x0000000703700000, 0x0000000703700000, 0x0000000703800000|  0%| F|  |TAMS 0x0000000703700000, 0x0000000703700000| Untracked 
|  46|0x0000000703800000, 0x0000000703800000, 0x0000000703900000|  0%| F|  |TAMS 0x0000000703800000, 0x0000000703800000| Untracked 
|  47|0x0000000703900000, 0x0000000703900000, 0x0000000703a00000|  0%| F|  |TAMS 0x0000000703900000, 0x0000000703900000| Untracked 
|  48|0x0000000703a00000, 0x0000000703a00000, 0x0000000703b00000|  0%| F|  |TAMS 0x0000000703a00000, 0x0000000703a00000| Untracked 
|  49|0x0000000703b00000, 0x0000000703b00000, 0x0000000703c00000|  0%| F|  |TAMS 0x0000000703b00000, 0x0000000703b00000| Untracked 
|  50|0x0000000703c00000, 0x0000000703c00000, 0x0000000703d00000|  0%| F|  |TAMS 0x0000000703c00000, 0x0000000703c00000| Untracked 
|  51|0x0000000703d00000, 0x0000000703d00000, 0x0000000703e00000|  0%| F|  |TAMS 0x0000000703d00000, 0x0000000703d00000| Untracked 
|  52|0x0000000703e00000, 0x0000000703e00000, 0x0000000703f00000|  0%| F|  |TAMS 0x0000000703e00000, 0x0000000703e00000| Untracked 
|  53|0x0000000703f00000, 0x0000000703f00000, 0x0000000704000000|  0%| F|  |TAMS 0x0000000703f00000, 0x0000000703f00000| Untracked 
|  54|0x0000000704000000, 0x0000000704000000, 0x0000000704100000|  0%| F|  |TAMS 0x0000000704000000, 0x0000000704000000| Untracked 
|  55|0x0000000704100000, 0x0000000704100000, 0x0000000704200000|  0%| F|  |TAMS 0x0000000704100000, 0x0000000704100000| Untracked 
|  56|0x0000000704200000, 0x0000000704200000, 0x0000000704300000|  0%| F|  |TAMS 0x0000000704200000, 0x0000000704200000| Untracked 
|  57|0x0000000704300000, 0x0000000704300000, 0x0000000704400000|  0%| F|  |TAMS 0x0000000704300000, 0x0000000704300000| Untracked 
|  58|0x0000000704400000, 0x0000000704400000, 0x0000000704500000|  0%| F|  |TAMS 0x0000000704400000, 0x0000000704400000| Untracked 
|  59|0x0000000704500000, 0x0000000704500000, 0x0000000704600000|  0%| F|  |TAMS 0x0000000704500000, 0x0000000704500000| Untracked 
|  60|0x0000000704600000, 0x0000000704600000, 0x0000000704700000|  0%| F|  |TAMS 0x0000000704600000, 0x0000000704600000| Untracked 
|  61|0x0000000704700000, 0x0000000704700000, 0x0000000704800000|  0%| F|  |TAMS 0x0000000704700000, 0x0000000704700000| Untracked 
|  62|0x0000000704800000, 0x0000000704800000, 0x0000000704900000|  0%| F|  |TAMS 0x0000000704800000, 0x0000000704800000| Untracked 
|  63|0x0000000704900000, 0x0000000704900000, 0x0000000704a00000|  0%| F|  |TAMS 0x0000000704900000, 0x0000000704900000| Untracked 
|  64|0x0000000704a00000, 0x0000000704a00000, 0x0000000704b00000|  0%| F|  |TAMS 0x0000000704a00000, 0x0000000704a00000| Untracked 
|  65|0x0000000704b00000, 0x0000000704b00000, 0x0000000704c00000|  0%| F|  |TAMS 0x0000000704b00000, 0x0000000704b00000| Untracked 
|  66|0x0000000704c00000, 0x0000000704c00000, 0x0000000704d00000|  0%| F|  |TAMS 0x0000000704c00000, 0x0000000704c00000| Untracked 
|  67|0x0000000704d00000, 0x0000000704d00000, 0x0000000704e00000|  0%| F|  |TAMS 0x0000000704d00000, 0x0000000704d00000| Untracked 
|  68|0x0000000704e00000, 0x0000000704e00000, 0x0000000704f00000|  0%| F|  |TAMS 0x0000000704e00000, 0x0000000704e00000| Untracked 
|  69|0x0000000704f00000, 0x0000000704f00000, 0x0000000705000000|  0%| F|  |TAMS 0x0000000704f00000, 0x0000000704f00000| Untracked 
|  70|0x0000000705000000, 0x0000000705000000, 0x0000000705100000|  0%| F|  |TAMS 0x0000000705000000, 0x0000000705000000| Untracked 
|  71|0x0000000705100000, 0x0000000705100000, 0x0000000705200000|  0%| F|  |TAMS 0x0000000705100000, 0x0000000705100000| Untracked 
|  72|0x0000000705200000, 0x0000000705200000, 0x0000000705300000|  0%| F|  |TAMS 0x0000000705200000, 0x0000000705200000| Untracked 
|  73|0x0000000705300000, 0x0000000705300000, 0x0000000705400000|  0%| F|  |TAMS 0x0000000705300000, 0x0000000705300000| Untracked 
|  74|0x0000000705400000, 0x0000000705400000, 0x0000000705500000|  0%| F|  |TAMS 0x0000000705400000, 0x0000000705400000| Untracked 
|  75|0x0000000705500000, 0x0000000705500000, 0x0000000705600000|  0%| F|  |TAMS 0x0000000705500000, 0x0000000705500000| Untracked 
|  76|0x0000000705600000, 0x0000000705600000, 0x0000000705700000|  0%| F|  |TAMS 0x0000000705600000, 0x0000000705600000| Untracked 
|  77|0x0000000705700000, 0x0000000705700000, 0x0000000705800000|  0%| F|  |TAMS 0x0000000705700000, 0x0000000705700000| Untracked 
|  78|0x0000000705800000, 0x0000000705800000, 0x0000000705900000|  0%| F|  |TAMS 0x0000000705800000, 0x0000000705800000| Untracked 
|  79|0x0000000705900000, 0x0000000705900000, 0x0000000705a00000|  0%| F|  |TAMS 0x0000000705900000, 0x0000000705900000| Untracked 
|  80|0x0000000705a00000, 0x0000000705a00000, 0x0000000705b00000|  0%| F|  |TAMS 0x0000000705a00000, 0x0000000705a00000| Untracked 
|  81|0x0000000705b00000, 0x0000000705b00000, 0x0000000705c00000|  0%| F|  |TAMS 0x0000000705b00000, 0x0000000705b00000| Untracked 
|  82|0x0000000705c00000, 0x0000000705c00000, 0x0000000705d00000|  0%| F|  |TAMS 0x0000000705c00000, 0x0000000705c00000| Untracked 
|  83|0x0000000705d00000, 0x0000000705d00000, 0x0000000705e00000|  0%| F|  |TAMS 0x0000000705d00000, 0x0000000705d00000| Untracked 
|  84|0x0000000705e00000, 0x0000000705e00000, 0x0000000705f00000|  0%| F|  |TAMS 0x0000000705e00000, 0x0000000705e00000| Untracked 
|  85|0x0000000705f00000, 0x0000000705f00000, 0x0000000706000000|  0%| F|  |TAMS 0x0000000705f00000, 0x0000000705f00000| Untracked 
|  86|0x0000000706000000, 0x0000000706000000, 0x0000000706100000|  0%| F|  |TAMS 0x0000000706000000, 0x0000000706000000| Untracked 
|  87|0x0000000706100000, 0x0000000706100000, 0x0000000706200000|  0%| F|  |TAMS 0x0000000706100000, 0x0000000706100000| Untracked 
|  88|0x0000000706200000, 0x0000000706200000, 0x0000000706300000|  0%| F|  |TAMS 0x0000000706200000, 0x0000000706200000| Untracked 
|  89|0x0000000706300000, 0x0000000706300000, 0x0000000706400000|  0%| F|  |TAMS 0x0000000706300000, 0x0000000706300000| Untracked 
|  90|0x0000000706400000, 0x0000000706400000, 0x0000000706500000|  0%| F|  |TAMS 0x0000000706400000, 0x0000000706400000| Untracked 
|  91|0x0000000706500000, 0x0000000706500000, 0x0000000706600000|  0%| F|  |TAMS 0x0000000706500000, 0x0000000706500000| Untracked 
|  92|0x0000000706600000, 0x0000000706600000, 0x0000000706700000|  0%| F|  |TAMS 0x0000000706600000, 0x0000000706600000| Untracked 
|  93|0x0000000706700000, 0x0000000706700000, 0x0000000706800000|  0%| F|  |TAMS 0x0000000706700000, 0x0000000706700000| Untracked 
|  94|0x0000000706800000, 0x0000000706800000, 0x0000000706900000|  0%| F|  |TAMS 0x0000000706800000, 0x0000000706800000| Untracked 
|  95|0x0000000706900000, 0x0000000706900000, 0x0000000706a00000|  0%| F|  |TAMS 0x0000000706900000, 0x0000000706900000| Untracked 
|  96|0x0000000706a00000, 0x0000000706a00000, 0x0000000706b00000|  0%| F|  |TAMS 0x0000000706a00000, 0x0000000706a00000| Untracked 
|  97|0x0000000706b00000, 0x0000000706b00000, 0x0000000706c00000|  0%| F|  |TAMS 0x0000000706b00000, 0x0000000706b00000| Untracked 
|  98|0x0000000706c00000, 0x0000000706c00000, 0x0000000706d00000|  0%| F|  |TAMS 0x0000000706c00000, 0x0000000706c00000| Untracked 
|  99|0x0000000706d00000, 0x0000000706d00000, 0x0000000706e00000|  0%| F|  |TAMS 0x0000000706d00000, 0x0000000706d00000| Untracked 
| 100|0x0000000706e00000, 0x0000000706e00000, 0x0000000706f00000|  0%| F|  |TAMS 0x0000000706e00000, 0x0000000706e00000| Untracked 
| 101|0x0000000706f00000, 0x0000000706f00000, 0x0000000707000000|  0%| F|  |TAMS 0x0000000706f00000, 0x0000000706f00000| Untracked 
| 102|0x0000000707000000, 0x0000000707000000, 0x0000000707100000|  0%| F|  |TAMS 0x0000000707000000, 0x0000000707000000| Untracked 
| 103|0x0000000707100000, 0x0000000707100000, 0x0000000707200000|  0%| F|  |TAMS 0x0000000707100000, 0x0000000707100000| Untracked 
| 104|0x0000000707200000, 0x0000000707200000, 0x0000000707300000|  0%| F|  |TAMS 0x0000000707200000, 0x0000000707200000| Untracked 
| 105|0x0000000707300000, 0x0000000707300000, 0x0000000707400000|  0%| F|  |TAMS 0x0000000707300000, 0x0000000707300000| Untracked 
| 106|0x0000000707400000, 0x0000000707400000, 0x0000000707500000|  0%| F|  |TAMS 0x0000000707400000, 0x0000000707400000| Untracked 
| 107|0x0000000707500000, 0x0000000707500000, 0x0000000707600000|  0%| F|  |TAMS 0x0000000707500000, 0x0000000707500000| Untracked 
| 108|0x0000000707600000, 0x0000000707600000, 0x0000000707700000|  0%| F|  |TAMS 0x0000000707600000, 0x0000000707600000| Untracked 
| 109|0x0000000707700000, 0x0000000707700000, 0x0000000707800000|  0%| F|  |TAMS 0x0000000707700000, 0x0000000707700000| Untracked 
| 110|0x0000000707800000, 0x0000000707800000, 0x0000000707900000|  0%| F|  |TAMS 0x0000000707800000, 0x0000000707800000| Untracked 
| 111|0x0000000707900000, 0x0000000707900000, 0x0000000707a00000|  0%| F|  |TAMS 0x0000000707900000, 0x0000000707900000| Untracked 
| 112|0x0000000707a00000, 0x0000000707a00000, 0x0000000707b00000|  0%| F|  |TAMS 0x0000000707a00000, 0x0000000707a00000| Untracked 
| 113|0x0000000707b00000, 0x0000000707b00000, 0x0000000707c00000|  0%| F|  |TAMS 0x0000000707b00000, 0x0000000707b00000| Untracked 
| 114|0x0000000707c00000, 0x0000000707c00000, 0x0000000707d00000|  0%| F|  |TAMS 0x0000000707c00000, 0x0000000707c00000| Untracked 
| 115|0x0000000707d00000, 0x0000000707d00000, 0x0000000707e00000|  0%| F|  |TAMS 0x0000000707d00000, 0x0000000707d00000| Untracked 
| 116|0x0000000707e00000, 0x0000000707e00000, 0x0000000707f00000|  0%| F|  |TAMS 0x0000000707e00000, 0x0000000707e00000| Untracked 
| 117|0x0000000707f00000, 0x0000000707f00000, 0x0000000708000000|  0%| F|  |TAMS 0x0000000707f00000, 0x0000000707f00000| Untracked 
| 118|0x0000000708000000, 0x0000000708000000, 0x0000000708100000|  0%| F|  |TAMS 0x0000000708000000, 0x0000000708000000| Untracked 
| 119|0x0000000708100000, 0x0000000708100000, 0x0000000708200000|  0%| F|  |TAMS 0x0000000708100000, 0x0000000708100000| Untracked 
| 120|0x0000000708200000, 0x0000000708200000, 0x0000000708300000|  0%| F|  |TAMS 0x0000000708200000, 0x0000000708200000| Untracked 
| 121|0x0000000708300000, 0x0000000708300000, 0x0000000708400000|  0%| F|  |TAMS 0x0000000708300000, 0x0000000708300000| Untracked 
| 122|0x0000000708400000, 0x0000000708400000, 0x0000000708500000|  0%| F|  |TAMS 0x0000000708400000, 0x0000000708400000| Untracked 
| 123|0x0000000708500000, 0x0000000708500000, 0x0000000708600000|  0%| F|  |TAMS 0x0000000708500000, 0x0000000708500000| Untracked 
| 124|0x0000000708600000, 0x0000000708600000, 0x0000000708700000|  0%| F|  |TAMS 0x0000000708600000, 0x0000000708600000| Untracked 
| 125|0x0000000708700000, 0x0000000708700000, 0x0000000708800000|  0%| F|  |TAMS 0x0000000708700000, 0x0000000708700000| Untracked 
| 126|0x0000000708800000, 0x0000000708800000, 0x0000000708900000|  0%| F|  |TAMS 0x0000000708800000, 0x0000000708800000| Untracked 
| 127|0x0000000708900000, 0x0000000708900000, 0x0000000708a00000|  0%| F|  |TAMS 0x0000000708900000, 0x0000000708900000| Untracked 
| 128|0x0000000708a00000, 0x0000000708a00000, 0x0000000708b00000|  0%| F|  |TAMS 0x0000000708a00000, 0x0000000708a00000| Untracked 
| 129|0x0000000708b00000, 0x0000000708b00000, 0x0000000708c00000|  0%| F|  |TAMS 0x0000000708b00000, 0x0000000708b00000| Untracked 
| 130|0x0000000708c00000, 0x0000000708c00000, 0x0000000708d00000|  0%| F|  |TAMS 0x0000000708c00000, 0x0000000708c00000| Untracked 
| 131|0x0000000708d00000, 0x0000000708d00000, 0x0000000708e00000|  0%| F|  |TAMS 0x0000000708d00000, 0x0000000708d00000| Untracked 
| 132|0x0000000708e00000, 0x0000000708e00000, 0x0000000708f00000|  0%| F|  |TAMS 0x0000000708e00000, 0x0000000708e00000| Untracked 
| 133|0x0000000708f00000, 0x0000000708f00000, 0x0000000709000000|  0%| F|  |TAMS 0x0000000708f00000, 0x0000000708f00000| Untracked 
| 134|0x0000000709000000, 0x0000000709000000, 0x0000000709100000|  0%| F|  |TAMS 0x0000000709000000, 0x0000000709000000| Untracked 
| 135|0x0000000709100000, 0x0000000709100000, 0x0000000709200000|  0%| F|  |TAMS 0x0000000709100000, 0x0000000709100000| Untracked 
| 136|0x0000000709200000, 0x0000000709200000, 0x0000000709300000|  0%| F|  |TAMS 0x0000000709200000, 0x0000000709200000| Untracked 
| 137|0x0000000709300000, 0x0000000709300000, 0x0000000709400000|  0%| F|  |TAMS 0x0000000709300000, 0x0000000709300000| Untracked 
| 138|0x0000000709400000, 0x0000000709400000, 0x0000000709500000|  0%| F|  |TAMS 0x0000000709400000, 0x0000000709400000| Untracked 
| 139|0x0000000709500000, 0x0000000709500000, 0x0000000709600000|  0%| F|  |TAMS 0x0000000709500000, 0x0000000709500000| Untracked 
| 140|0x0000000709600000, 0x0000000709600000, 0x0000000709700000|  0%| F|  |TAMS 0x0000000709600000, 0x0000000709600000| Untracked 
| 141|0x0000000709700000, 0x0000000709700000, 0x0000000709800000|  0%| F|  |TAMS 0x0000000709700000, 0x0000000709700000| Untracked 
| 142|0x0000000709800000, 0x0000000709800000, 0x0000000709900000|  0%| F|  |TAMS 0x0000000709800000, 0x0000000709800000| Untracked 
| 143|0x0000000709900000, 0x0000000709900000, 0x0000000709a00000|  0%| F|  |TAMS 0x0000000709900000, 0x0000000709900000| Untracked 
| 144|0x0000000709a00000, 0x0000000709a00000, 0x0000000709b00000|  0%| F|  |TAMS 0x0000000709a00000, 0x0000000709a00000| Untracked 
| 145|0x0000000709b00000, 0x0000000709b00000, 0x0000000709c00000|  0%| F|  |TAMS 0x0000000709b00000, 0x0000000709b00000| Untracked 
| 146|0x0000000709c00000, 0x0000000709c00000, 0x0000000709d00000|  0%| F|  |TAMS 0x0000000709c00000, 0x0000000709c00000| Untracked 
| 147|0x0000000709d00000, 0x0000000709d00000, 0x0000000709e00000|  0%| F|  |TAMS 0x0000000709d00000, 0x0000000709d00000| Untracked 
| 148|0x0000000709e00000, 0x0000000709e00000, 0x0000000709f00000|  0%| F|  |TAMS 0x0000000709e00000, 0x0000000709e00000| Untracked 
| 149|0x0000000709f00000, 0x0000000709f00000, 0x000000070a000000|  0%| F|  |TAMS 0x0000000709f00000, 0x0000000709f00000| Untracked 
| 150|0x000000070a000000, 0x000000070a000000, 0x000000070a100000|  0%| F|  |TAMS 0x000000070a000000, 0x000000070a000000| Untracked 
| 151|0x000000070a100000, 0x000000070a100000, 0x000000070a200000|  0%| F|  |TAMS 0x000000070a100000, 0x000000070a100000| Untracked 
| 152|0x000000070a200000, 0x000000070a200000, 0x000000070a300000|  0%| F|  |TAMS 0x000000070a200000, 0x000000070a200000| Untracked 
| 153|0x000000070a300000, 0x000000070a300000, 0x000000070a400000|  0%| F|  |TAMS 0x000000070a300000, 0x000000070a300000| Untracked 
| 154|0x000000070a400000, 0x000000070a400000, 0x000000070a500000|  0%| F|  |TAMS 0x000000070a400000, 0x000000070a400000| Untracked 
| 155|0x000000070a500000, 0x000000070a500000, 0x000000070a600000|  0%| F|  |TAMS 0x000000070a500000, 0x000000070a500000| Untracked 
| 156|0x000000070a600000, 0x000000070a600000, 0x000000070a700000|  0%| F|  |TAMS 0x000000070a600000, 0x000000070a600000| Untracked 
| 157|0x000000070a700000, 0x000000070a700000, 0x000000070a800000|  0%| F|  |TAMS 0x000000070a700000, 0x000000070a700000| Untracked 
| 158|0x000000070a800000, 0x000000070a800000, 0x000000070a900000|  0%| F|  |TAMS 0x000000070a800000, 0x000000070a800000| Untracked 
| 159|0x000000070a900000, 0x000000070a900000, 0x000000070aa00000|  0%| F|  |TAMS 0x000000070a900000, 0x000000070a900000| Untracked 
| 160|0x000000070aa00000, 0x000000070aa00000, 0x000000070ab00000|  0%| F|  |TAMS 0x000000070aa00000, 0x000000070aa00000| Untracked 
| 161|0x000000070ab00000, 0x000000070ab00000, 0x000000070ac00000|  0%| F|  |TAMS 0x000000070ab00000, 0x000000070ab00000| Untracked 
| 162|0x000000070ac00000, 0x000000070ac00000, 0x000000070ad00000|  0%| F|  |TAMS 0x000000070ac00000, 0x000000070ac00000| Untracked 
| 163|0x000000070ad00000, 0x000000070ad00000, 0x000000070ae00000|  0%| F|  |TAMS 0x000000070ad00000, 0x000000070ad00000| Untracked 
| 164|0x000000070ae00000, 0x000000070ae00000, 0x000000070af00000|  0%| F|  |TAMS 0x000000070ae00000, 0x000000070ae00000| Untracked 
| 165|0x000000070af00000, 0x000000070af00000, 0x000000070b000000|  0%| F|  |TAMS 0x000000070af00000, 0x000000070af00000| Untracked 
| 166|0x000000070b000000, 0x000000070b000000, 0x000000070b100000|  0%| F|  |TAMS 0x000000070b000000, 0x000000070b000000| Untracked 
| 167|0x000000070b100000, 0x000000070b100000, 0x000000070b200000|  0%| F|  |TAMS 0x000000070b100000, 0x000000070b100000| Untracked 
| 168|0x000000070b200000, 0x000000070b200000, 0x000000070b300000|  0%| F|  |TAMS 0x000000070b200000, 0x000000070b200000| Untracked 
| 169|0x000000070b300000, 0x000000070b300000, 0x000000070b400000|  0%| F|  |TAMS 0x000000070b300000, 0x000000070b300000| Untracked 
| 170|0x000000070b400000, 0x000000070b400000, 0x000000070b500000|  0%| F|  |TAMS 0x000000070b400000, 0x000000070b400000| Untracked 
| 171|0x000000070b500000, 0x000000070b500000, 0x000000070b600000|  0%| F|  |TAMS 0x000000070b500000, 0x000000070b500000| Untracked 
| 172|0x000000070b600000, 0x000000070b600000, 0x000000070b700000|  0%| F|  |TAMS 0x000000070b600000, 0x000000070b600000| Untracked 
| 173|0x000000070b700000, 0x000000070b700000, 0x000000070b800000|  0%| F|  |TAMS 0x000000070b700000, 0x000000070b700000| Untracked 
| 174|0x000000070b800000, 0x000000070b800000, 0x000000070b900000|  0%| F|  |TAMS 0x000000070b800000, 0x000000070b800000| Untracked 
| 175|0x000000070b900000, 0x000000070b900000, 0x000000070ba00000|  0%| F|  |TAMS 0x000000070b900000, 0x000000070b900000| Untracked 
| 176|0x000000070ba00000, 0x000000070ba00000, 0x000000070bb00000|  0%| F|  |TAMS 0x000000070ba00000, 0x000000070ba00000| Untracked 
| 177|0x000000070bb00000, 0x000000070bb00000, 0x000000070bc00000|  0%| F|  |TAMS 0x000000070bb00000, 0x000000070bb00000| Untracked 
| 178|0x000000070bc00000, 0x000000070bc00000, 0x000000070bd00000|  0%| F|  |TAMS 0x000000070bc00000, 0x000000070bc00000| Untracked 
| 179|0x000000070bd00000, 0x000000070bd00000, 0x000000070be00000|  0%| F|  |TAMS 0x000000070bd00000, 0x000000070bd00000| Untracked 
| 180|0x000000070be00000, 0x000000070be00000, 0x000000070bf00000|  0%| F|  |TAMS 0x000000070be00000, 0x000000070be00000| Untracked 
| 181|0x000000070bf00000, 0x000000070bf00000, 0x000000070c000000|  0%| F|  |TAMS 0x000000070bf00000, 0x000000070bf00000| Untracked 
| 182|0x000000070c000000, 0x000000070c000000, 0x000000070c100000|  0%| F|  |TAMS 0x000000070c000000, 0x000000070c000000| Untracked 
| 183|0x000000070c100000, 0x000000070c100000, 0x000000070c200000|  0%| F|  |TAMS 0x000000070c100000, 0x000000070c100000| Untracked 
| 184|0x000000070c200000, 0x000000070c200000, 0x000000070c300000|  0%| F|  |TAMS 0x000000070c200000, 0x000000070c200000| Untracked 
| 185|0x000000070c300000, 0x000000070c300000, 0x000000070c400000|  0%| F|  |TAMS 0x000000070c300000, 0x000000070c300000| Untracked 
| 186|0x000000070c400000, 0x000000070c400000, 0x000000070c500000|  0%| F|  |TAMS 0x000000070c400000, 0x000000070c400000| Untracked 
| 187|0x000000070c500000, 0x000000070c500000, 0x000000070c600000|  0%| F|  |TAMS 0x000000070c500000, 0x000000070c500000| Untracked 
| 188|0x000000070c600000, 0x000000070c600000, 0x000000070c700000|  0%| F|  |TAMS 0x000000070c600000, 0x000000070c600000| Untracked 
| 189|0x000000070c700000, 0x000000070c700000, 0x000000070c800000|  0%| F|  |TAMS 0x000000070c700000, 0x000000070c700000| Untracked 
| 190|0x000000070c800000, 0x000000070c800000, 0x000000070c900000|  0%| F|  |TAMS 0x000000070c800000, 0x000000070c800000| Untracked 
| 191|0x000000070c900000, 0x000000070c900000, 0x000000070ca00000|  0%| F|  |TAMS 0x000000070c900000, 0x000000070c900000| Untracked 
| 192|0x000000070ca00000, 0x000000070ca00000, 0x000000070cb00000|  0%| F|  |TAMS 0x000000070ca00000, 0x000000070ca00000| Untracked 
| 193|0x000000070cb00000, 0x000000070cb00000, 0x000000070cc00000|  0%| F|  |TAMS 0x000000070cb00000, 0x000000070cb00000| Untracked 
| 194|0x000000070cc00000, 0x000000070cc00000, 0x000000070cd00000|  0%| F|  |TAMS 0x000000070cc00000, 0x000000070cc00000| Untracked 
| 195|0x000000070cd00000, 0x000000070cd00000, 0x000000070ce00000|  0%| F|  |TAMS 0x000000070cd00000, 0x000000070cd00000| Untracked 
| 196|0x000000070ce00000, 0x000000070ce00000, 0x000000070cf00000|  0%| F|  |TAMS 0x000000070ce00000, 0x000000070ce00000| Untracked 
| 197|0x000000070cf00000, 0x000000070cf00000, 0x000000070d000000|  0%| F|  |TAMS 0x000000070cf00000, 0x000000070cf00000| Untracked 
| 198|0x000000070d000000, 0x000000070d000000, 0x000000070d100000|  0%| F|  |TAMS 0x000000070d000000, 0x000000070d000000| Untracked 
| 199|0x000000070d100000, 0x000000070d100000, 0x000000070d200000|  0%| F|  |TAMS 0x000000070d100000, 0x000000070d100000| Untracked 
| 200|0x000000070d200000, 0x000000070d200000, 0x000000070d300000|  0%| F|  |TAMS 0x000000070d200000, 0x000000070d200000| Untracked 
| 201|0x000000070d300000, 0x000000070d300000, 0x000000070d400000|  0%| F|  |TAMS 0x000000070d300000, 0x000000070d300000| Untracked 
| 202|0x000000070d400000, 0x000000070d400000, 0x000000070d500000|  0%| F|  |TAMS 0x000000070d400000, 0x000000070d400000| Untracked 
| 203|0x000000070d500000, 0x000000070d500000, 0x000000070d600000|  0%| F|  |TAMS 0x000000070d500000, 0x000000070d500000| Untracked 
| 204|0x000000070d600000, 0x000000070d600000, 0x000000070d700000|  0%| F|  |TAMS 0x000000070d600000, 0x000000070d600000| Untracked 
| 205|0x000000070d700000, 0x000000070d700000, 0x000000070d800000|  0%| F|  |TAMS 0x000000070d700000, 0x000000070d700000| Untracked 
| 206|0x000000070d800000, 0x000000070d800000, 0x000000070d900000|  0%| F|  |TAMS 0x000000070d800000, 0x000000070d800000| Untracked 
| 207|0x000000070d900000, 0x000000070d900000, 0x000000070da00000|  0%| F|  |TAMS 0x000000070d900000, 0x000000070d900000| Untracked 
| 208|0x000000070da00000, 0x000000070da00000, 0x000000070db00000|  0%| F|  |TAMS 0x000000070da00000, 0x000000070da00000| Untracked 
| 209|0x000000070db00000, 0x000000070db00000, 0x000000070dc00000|  0%| F|  |TAMS 0x000000070db00000, 0x000000070db00000| Untracked 
| 210|0x000000070dc00000, 0x000000070dc00000, 0x000000070dd00000|  0%| F|  |TAMS 0x000000070dc00000, 0x000000070dc00000| Untracked 
| 211|0x000000070dd00000, 0x000000070dd00000, 0x000000070de00000|  0%| F|  |TAMS 0x000000070dd00000, 0x000000070dd00000| Untracked 
| 212|0x000000070de00000, 0x000000070de00000, 0x000000070df00000|  0%| F|  |TAMS 0x000000070de00000, 0x000000070de00000| Untracked 
| 213|0x000000070df00000, 0x000000070df00000, 0x000000070e000000|  0%| F|  |TAMS 0x000000070df00000, 0x000000070df00000| Untracked 
| 214|0x000000070e000000, 0x000000070e000000, 0x000000070e100000|  0%| F|  |TAMS 0x000000070e000000, 0x000000070e000000| Untracked 
| 215|0x000000070e100000, 0x000000070e100000, 0x000000070e200000|  0%| F|  |TAMS 0x000000070e100000, 0x000000070e100000| Untracked 
| 216|0x000000070e200000, 0x000000070e200000, 0x000000070e300000|  0%| F|  |TAMS 0x000000070e200000, 0x000000070e200000| Untracked 
| 217|0x000000070e300000, 0x000000070e300000, 0x000000070e400000|  0%| F|  |TAMS 0x000000070e300000, 0x000000070e300000| Untracked 
| 218|0x000000070e400000, 0x000000070e400000, 0x000000070e500000|  0%| F|  |TAMS 0x000000070e400000, 0x000000070e400000| Untracked 
| 219|0x000000070e500000, 0x000000070e500000, 0x000000070e600000|  0%| F|  |TAMS 0x000000070e500000, 0x000000070e500000| Untracked 
| 220|0x000000070e600000, 0x000000070e600000, 0x000000070e700000|  0%| F|  |TAMS 0x000000070e600000, 0x000000070e600000| Untracked 
| 221|0x000000070e700000, 0x000000070e700000, 0x000000070e800000|  0%| F|  |TAMS 0x000000070e700000, 0x000000070e700000| Untracked 
| 222|0x000000070e800000, 0x000000070e800000, 0x000000070e900000|  0%| F|  |TAMS 0x000000070e800000, 0x000000070e800000| Untracked 
| 223|0x000000070e900000, 0x000000070e900000, 0x000000070ea00000|  0%| F|  |TAMS 0x000000070e900000, 0x000000070e900000| Untracked 
| 224|0x000000070ea00000, 0x000000070ea00000, 0x000000070eb00000|  0%| F|  |TAMS 0x000000070ea00000, 0x000000070ea00000| Untracked 
| 225|0x000000070eb00000, 0x000000070eb00000, 0x000000070ec00000|  0%| F|  |TAMS 0x000000070eb00000, 0x000000070eb00000| Untracked 
| 226|0x000000070ec00000, 0x000000070ec00000, 0x000000070ed00000|  0%| F|  |TAMS 0x000000070ec00000, 0x000000070ec00000| Untracked 
| 227|0x000000070ed00000, 0x000000070ed00000, 0x000000070ee00000|  0%| F|  |TAMS 0x000000070ed00000, 0x000000070ed00000| Untracked 
| 228|0x000000070ee00000, 0x000000070ee00000, 0x000000070ef00000|  0%| F|  |TAMS 0x000000070ee00000, 0x000000070ee00000| Untracked 
| 229|0x000000070ef00000, 0x000000070ef00000, 0x000000070f000000|  0%| F|  |TAMS 0x000000070ef00000, 0x000000070ef00000| Untracked 
| 230|0x000000070f000000, 0x000000070f000000, 0x000000070f100000|  0%| F|  |TAMS 0x000000070f000000, 0x000000070f000000| Untracked 
| 231|0x000000070f100000, 0x000000070f100000, 0x000000070f200000|  0%| F|  |TAMS 0x000000070f100000, 0x000000070f100000| Untracked 
| 232|0x000000070f200000, 0x000000070f200000, 0x000000070f300000|  0%| F|  |TAMS 0x000000070f200000, 0x000000070f200000| Untracked 
| 233|0x000000070f300000, 0x000000070f300000, 0x000000070f400000|  0%| F|  |TAMS 0x000000070f300000, 0x000000070f300000| Untracked 
| 234|0x000000070f400000, 0x000000070f400000, 0x000000070f500000|  0%| F|  |TAMS 0x000000070f400000, 0x000000070f400000| Untracked 
| 235|0x000000070f500000, 0x000000070f500000, 0x000000070f600000|  0%| F|  |TAMS 0x000000070f500000, 0x000000070f500000| Untracked 
| 236|0x000000070f600000, 0x000000070f600000, 0x000000070f700000|  0%| F|  |TAMS 0x000000070f600000, 0x000000070f600000| Untracked 
| 237|0x000000070f700000, 0x000000070f700000, 0x000000070f800000|  0%| F|  |TAMS 0x000000070f700000, 0x000000070f700000| Untracked 
| 238|0x000000070f800000, 0x000000070f800000, 0x000000070f900000|  0%| F|  |TAMS 0x000000070f800000, 0x000000070f800000| Untracked 
| 239|0x000000070f900000, 0x000000070f900000, 0x000000070fa00000|  0%| F|  |TAMS 0x000000070f900000, 0x000000070f900000| Untracked 
| 240|0x000000070fa00000, 0x000000070fa00000, 0x000000070fb00000|  0%| F|  |TAMS 0x000000070fa00000, 0x000000070fa00000| Untracked 
| 241|0x000000070fb00000, 0x000000070fb00000, 0x000000070fc00000|  0%| F|  |TAMS 0x000000070fb00000, 0x000000070fb00000| Untracked 
| 242|0x000000070fc00000, 0x000000070fc00000, 0x000000070fd00000|  0%| F|  |TAMS 0x000000070fc00000, 0x000000070fc00000| Untracked 
| 243|0x000000070fd00000, 0x000000070fd00000, 0x000000070fe00000|  0%| F|  |TAMS 0x000000070fd00000, 0x000000070fd00000| Untracked 
| 244|0x000000070fe00000, 0x000000070fe00000, 0x000000070ff00000|  0%| F|  |TAMS 0x000000070fe00000, 0x000000070fe00000| Untracked 
| 245|0x000000070ff00000, 0x000000070ff00000, 0x0000000710000000|  0%| F|  |TAMS 0x000000070ff00000, 0x000000070ff00000| Untracked 
| 246|0x0000000710000000, 0x0000000710000000, 0x0000000710100000|  0%| F|  |TAMS 0x0000000710000000, 0x0000000710000000| Untracked 
| 247|0x0000000710100000, 0x0000000710100000, 0x0000000710200000|  0%| F|  |TAMS 0x0000000710100000, 0x0000000710100000| Untracked 
| 248|0x0000000710200000, 0x0000000710200000, 0x0000000710300000|  0%| F|  |TAMS 0x0000000710200000, 0x0000000710200000| Untracked 
| 249|0x0000000710300000, 0x00000007103fbc60, 0x0000000710400000| 98%| E|  |TAMS 0x0000000710300000, 0x0000000710300000| Complete 
| 250|0x0000000710400000, 0x0000000710500000, 0x0000000710500000|100%| E|CS|TAMS 0x0000000710400000, 0x0000000710400000| Complete 
| 251|0x0000000710500000, 0x0000000710600000, 0x0000000710600000|100%| E|CS|TAMS 0x0000000710500000, 0x0000000710500000| Complete 
| 252|0x0000000710600000, 0x0000000710700000, 0x0000000710700000|100%| E|CS|TAMS 0x0000000710600000, 0x0000000710600000| Complete 
| 253|0x0000000710700000, 0x0000000710800000, 0x0000000710800000|100%| E|CS|TAMS 0x0000000710700000, 0x0000000710700000| Complete 
| 254|0x0000000710800000, 0x0000000710900000, 0x0000000710900000|100%| E|CS|TAMS 0x0000000710800000, 0x0000000710800000| Complete 
| 255|0x0000000710900000, 0x0000000710a00000, 0x0000000710a00000|100%| E|CS|TAMS 0x0000000710900000, 0x0000000710900000| Complete 

Card table byte_map: [0x00000231e8100000,0x00000231e8900000] _byte_map_base: 0x00000231e48fb000

Marking Bits (Prev, Next): (CMBitMap*) 0x00000231f10e71b8, (CMBitMap*) 0x00000231f10e71f0
 Prev Bits: [0x00000231e9100000, 0x00000231ed0d8000)
 Next Bits: [0x00000231ed0e0000, 0x00000231f10b8000)

Polling page: 0x00000231d3ef0000

Metaspace:

Usage:
  Non-class:      5.40 MB capacity,     2.54 MB ( 47%) used,     2.86 MB ( 53%) free+waste,     5.69 KB ( <1%) overhead. 
      Class:    528.00 KB capacity,   211.87 KB ( 40%) used,   313.20 KB ( 59%) free+waste,     2.94 KB ( <1%) overhead. 
       Both:      5.91 MB capacity,     2.74 MB ( 46%) used,     3.16 MB ( 53%) free+waste,     8.63 KB ( <1%) overhead. 

Virtual space:
  Non-class space:        8.00 MB reserved,       5.50 MB ( 69%) committed 
      Class space:        1.00 GB reserved,     640.00 KB ( <1%) committed 
             Both:        1.01 GB reserved,       6.13 MB ( <1%) committed 

Chunk freelists:
   Non-Class:  41.00 KB
       Class:  16.00 KB
        Both:  57.00 KB

CodeHeap 'non-profiled nmethods': size=120000Kb used=139Kb max_used=139Kb free=119860Kb
 bounds [0x00000231e00a0000, 0x00000231e0310000, 0x00000231e75d0000]
CodeHeap 'profiled nmethods': size=120000Kb used=687Kb max_used=687Kb free=119312Kb
 bounds [0x00000231d8b70000, 0x00000231d8de0000, 0x00000231e00a0000]
CodeHeap 'non-nmethods': size=5760Kb used=1147Kb max_used=1159Kb free=4612Kb
 bounds [0x00000231d85d0000, 0x00000231d8840000, 0x00000231d8b70000]
 total_blobs=1029 nmethods=451 adapters=389
 compilation: enabled
              stopped_count=0, restarted_count=0
 full_count=0

Compilation events (10 events):
Event: 1.028 Thread 0x00000231f454f800 nmethod 440 0x00000231e00c2410 code [0x00000231e00c25c0, 0x00000231e00c29b8]
Event: 2.240 Thread 0x00000231f455c000  445       3       sun.net.util.IPAddressUtil::checkHostString (53 bytes)
Event: 2.240 Thread 0x00000231f455c000 nmethod 445 0x00000231d8c16f90 code [0x00000231d8c17280, 0x00000231d8c18030]
Event: 2.240 Thread 0x00000231f455c000  446       3       sun.net.util.IPAddressUtil::scan (92 bytes)
Event: 2.241 Thread 0x00000231f455c000 nmethod 446 0x00000231d8c18510 code [0x00000231d8c18780, 0x00000231d8c192e0]
Event: 2.241 Thread 0x00000231f455c000  447       3       com.google.protobuf.UnsafeUtil::putByte (14 bytes)
Event: 2.241 Thread 0x00000231f455c000 nmethod 447 0x00000231d8c19890 code [0x00000231d8c19a60, 0x00000231d8c19c98]
Event: 4.241 Thread 0x00000231f455c000  448       1       java.lang.ref.Reference::reachabilityFence (1 bytes)
Event: 4.241 Thread 0x00000231f455c000 nmethod 448 0x00000231e00c2b90 code [0x00000231e00c2d40, 0x00000231e00c2e38]
Event: 4.241 Thread 0x00000231f455c000  450       3       java.lang.StringLatin1::toLowerCase (180 bytes)

GC Heap History (0 events):
No events

Deoptimization events (6 events):
Event: 0.130 Thread 0x00000231d47b0800 Uncommon trap: trap_request=0xffffff4d fr.pc=0x00000231e00a60a4 relative=0x0000000000000084
Event: 0.130 Thread 0x00000231d47b0800 Uncommon trap: reason=unstable_if action=reinterpret pc=0x00000231e00a60a4 method=java.lang.String.isLatin1()Z @ 10 c2
Event: 0.130 Thread 0x00000231d47b0800 DEOPT PACKING pc=0x00000231e00a60a4 sp=0x0000008ace1feaa0
Event: 0.130 Thread 0x00000231d47b0800 DEOPT UNPACKING pc=0x00000231d85f92af sp=0x0000008ace1fe9e0 mode 2
Event: 0.189 Thread 0x00000231d47b0800 DEOPT PACKING pc=0x00000231d8ba3d0e sp=0x0000008ace1fc6c0
Event: 0.189 Thread 0x00000231d47b0800 DEOPT UNPACKING pc=0x00000231d85f90ce sp=0x0000008ace1fbb60 mode 0

Classes redefined (0 events):
No events

Internal exceptions (0 events):
No events

Events (10 events):
Event: 2.239 loading class com/google/ortools/constraintsolver/Assignment
Event: 2.239 loading class com/google/ortools/constraintsolver/Assignment done
Event: 2.239 loading class com/google/ortools/constraintsolver/PropagationBaseObject
Event: 2.239 loading class com/google/ortools/constraintsolver/PropagationBaseObject done
Event: 2.240 loading class com/google/ortools/constraintsolver/BaseObject
Event: 2.240 loading class com/google/ortools/constraintsolver/BaseObject done
Event: 4.241 loading class com/google/ortools/constraintsolver/IntVar
Event: 4.241 loading class com/google/ortools/constraintsolver/IntVar done
Event: 4.242 loading class com/google/ortools/constraintsolver/IntExpr
Event: 4.242 loading class com/google/ortools/constraintsolver/IntExpr done


Dynamic libraries:
0x00007ff7c0220000 - 0x00007ff7c0267000 	D:\Program Files\JetBrains\IntelliJ IDEA Community Edition 2019.2.3\jbr\bin\java.exe
0x00007ffd06360000 - 0x00007ffd06550000 	C:\WINDOWS\SYSTEM32\ntdll.dll
0x00007ffd04f60000 - 0x00007ffd05012000 	C:\WINDOWS\System32\KERNEL32.DLL
0x00007ffd03600000 - 0x00007ffd038a5000 	C:\WINDOWS\System32\KERNELBASE.dll
0x00007ffcff670000 - 0x00007ffcff6ff000 	C:\WINDOWS\SYSTEM32\apphelp.dll
0x00007ffcc0550000 - 0x00007ffcc09e2000 	C:\WINDOWS\SYSTEM32\AcLayers.DLL
0x00007ffd05540000 - 0x00007ffd055de000 	C:\WINDOWS\System32\msvcrt.dll
0x00007ffd05280000 - 0x00007ffd05415000 	C:\WINDOWS\System32\USER32.dll
0x00007ffd03a40000 - 0x00007ffd03a61000 	C:\WINDOWS\System32\win32u.dll
0x00007ffd05430000 - 0x00007ffd05456000 	C:\WINDOWS\System32\GDI32.dll
0x00007ffd03310000 - 0x00007ffd034a6000 	C:\WINDOWS\System32\gdi32full.dll
0x00007ffd03ba0000 - 0x00007ffd03c3e000 	C:\WINDOWS\System32\msvcp_win.dll
0x00007ffd03a70000 - 0x00007ffd03b6a000 	C:\WINDOWS\System32\ucrtbase.dll
0x00007ffd050a0000 - 0x00007ffd050f2000 	C:\WINDOWS\System32\SHLWAPI.dll
0x00007ffd044e0000 - 0x00007ffd04815000 	C:\WINDOWS\System32\combase.dll
0x00007ffd05100000 - 0x00007ffd05220000 	C:\WINDOWS\System32\RPCRT4.dll
0x00007ffd039c0000 - 0x00007ffd03a40000 	C:\WINDOWS\System32\bcryptPrimitives.dll
0x00007ffd05460000 - 0x00007ffd05503000 	C:\WINDOWS\System32\ADVAPI32.dll
0x00007ffd04410000 - 0x00007ffd044a7000 	C:\WINDOWS\System32\sechost.dll
0x00000231d2460000 - 0x00000231d2463000 	C:\WINDOWS\SYSTEM32\sfc.dll
0x00007ffcf2e10000 - 0x00007ffcf2e99000 	C:\WINDOWS\SYSTEM32\WINSPOOL.DRV
0x00007ffd03280000 - 0x00007ffd03291000 	C:\WINDOWS\System32\kernel.appcore.dll
0x00007ffd03b70000 - 0x00007ffd03b96000 	C:\WINDOWS\System32\bcrypt.dll
0x00007ffcfff90000 - 0x00007ffd00080000 	C:\WINDOWS\SYSTEM32\PROPSYS.dll
0x00007ffd04e10000 - 0x00007ffd04ed5000 	C:\WINDOWS\System32\OLEAUT32.dll
0x00007ffd04820000 - 0x00007ffd048c9000 	C:\WINDOWS\System32\shcore.dll
0x00007ffd02780000 - 0x00007ffd027ba000 	C:\WINDOWS\SYSTEM32\IPHLPAPI.DLL
0x00007ffce8590000 - 0x00007ffce85a1000 	C:\WINDOWS\SYSTEM32\sfc_os.DLL
0x00007ffcdd940000 - 0x00007ffcdd99d000 	C:\WINDOWS\SYSTEM32\AcGenral.DLL
0x00007ffd05fd0000 - 0x00007ffd06127000 	C:\WINDOWS\System32\ole32.dll
0x00007ffd05860000 - 0x00007ffd05f47000 	C:\WINDOWS\System32\SHELL32.dll
0x00007ffd03c40000 - 0x00007ffd03c8a000 	C:\WINDOWS\System32\cfgmgr32.dll
0x00007ffd03c90000 - 0x00007ffd04410000 	C:\WINDOWS\System32\windows.storage.dll
0x00007ffd03250000 - 0x00007ffd03273000 	C:\WINDOWS\System32\profapi.dll
0x00007ffd032a0000 - 0x00007ffd032ea000 	C:\WINDOWS\System32\powrprof.dll
0x00007ffd03220000 - 0x00007ffd03230000 	C:\WINDOWS\System32\UMPDC.dll
0x00007ffd032f0000 - 0x00007ffd03307000 	C:\WINDOWS\System32\cryptsp.dll
0x00007ffd03140000 - 0x00007ffd03165000 	C:\WINDOWS\SYSTEM32\USERENV.dll
0x00007ffcf4560000 - 0x00007ffcf457b000 	C:\WINDOWS\SYSTEM32\MPR.dll
0x00007ffd03100000 - 0x00007ffd03137000 	C:\WINDOWS\SYSTEM32\SspiCli.dll
0x00007ffd044b0000 - 0x00007ffd044de000 	C:\WINDOWS\System32\IMM32.DLL
0x00007ffced9a0000 - 0x00007ffcedc24000 	C:\WINDOWS\WinSxS\amd64_microsoft.windows.common-controls_6595b64144ccf1df_6.0.18362.1082_none_9e8193e1e45b25c1\COMCTL32.dll
0x00007ffcfd610000 - 0x00007ffcfd627000 	D:\Program Files\JetBrains\IntelliJ IDEA Community Edition 2019.2.3\jbr\bin\vcruntime140.dll
0x00007ffce5d80000 - 0x00007ffce5e1d000 	D:\Program Files\JetBrains\IntelliJ IDEA Community Edition 2019.2.3\jbr\bin\msvcp140.dll
0x00007ffcaa480000 - 0x00007ffcaaf38000 	D:\Program Files\JetBrains\IntelliJ IDEA Community Edition 2019.2.3\jbr\bin\server\jvm.dll
0x00007ffd05fc0000 - 0x00007ffd05fc8000 	C:\WINDOWS\System32\PSAPI.DLL
0x00007ffcf1ac0000 - 0x00007ffcf1ac9000 	C:\WINDOWS\SYSTEM32\WSOCK32.dll
0x00007ffcfed90000 - 0x00007ffcfedb4000 	C:\WINDOWS\SYSTEM32\WINMM.dll
0x00007ffcfa800000 - 0x00007ffcfa80a000 	C:\WINDOWS\SYSTEM32\VERSION.dll
0x00007ffd057f0000 - 0x00007ffd0585f000 	C:\WINDOWS\System32\WS2_32.dll
0x00007ffcfe890000 - 0x00007ffcfe8bd000 	C:\WINDOWS\SYSTEM32\winmmbase.dll
0x00007ffcfd5f0000 - 0x00007ffcfd601000 	D:\Program Files\JetBrains\IntelliJ IDEA Community Edition 2019.2.3\jbr\bin\verify.dll
0x00007ffd01b20000 - 0x00007ffd01d14000 	C:\WINDOWS\SYSTEM32\DBGHELP.DLL
0x00007ffced960000 - 0x00007ffced98a000 	C:\WINDOWS\SYSTEM32\dbgcore.DLL
0x00007ffcfb920000 - 0x00007ffcfb949000 	D:\Program Files\JetBrains\IntelliJ IDEA Community Edition 2019.2.3\jbr\bin\java.dll
0x00007ffce9b50000 - 0x00007ffce9b84000 	D:\Program Files\JetBrains\IntelliJ IDEA Community Edition 2019.2.3\jbr\bin\instrument.dll
0x00007ffcfd5d0000 - 0x00007ffcfd5e7000 	D:\Program Files\JetBrains\IntelliJ IDEA Community Edition 2019.2.3\jbr\bin\zip.dll
0x00007ffcfd4c0000 - 0x00007ffcfd4cb000 	D:\Program Files\JetBrains\IntelliJ IDEA Community Edition 2019.2.3\jbr\bin\jimage.dll
0x00007ffcfb900000 - 0x00007ffcfb91a000 	D:\Program Files\JetBrains\IntelliJ IDEA Community Edition 2019.2.3\jbr\bin\net.dll
0x00007ffcf5530000 - 0x00007ffcf5620000 	C:\WINDOWS\SYSTEM32\WINHTTP.dll
0x00007ffceff50000 - 0x00007ffcf0126000 	C:\WINDOWS\SYSTEM32\urlmon.dll
0x00007ffcef6a0000 - 0x00007ffcef946000 	C:\WINDOWS\SYSTEM32\iertutil.dll
0x00007ffd02c40000 - 0x00007ffd02c4c000 	C:\WINDOWS\SYSTEM32\CRYPTBASE.DLL
0x00007ffd02a70000 - 0x00007ffd02ad7000 	C:\WINDOWS\system32\mswsock.dll
0x00007ffcfb8e0000 - 0x00007ffcfb8f4000 	D:\Program Files\JetBrains\IntelliJ IDEA Community Edition 2019.2.3\jbr\bin\nio.dll
0x00007ffce9b30000 - 0x00007ffce9b4a000 	D:\Program Files\JetBrains\IntelliJ IDEA Community Edition 2019.2.3\bin\breakgen64.dll
0x00007ffc860b0000 - 0x00007ffc89188000 	C:\Uni\ILP\cw2\or-tools\jniortools.dll
0x00007ffcfe640000 - 0x00007ffcfe64c000 	C:\WINDOWS\SYSTEM32\VCRUNTIME140_1.dll

dbghelp: loaded successfully - version: 4.0.5 - missing functions: none
symbol engine: initialized successfully - sym options: 0x614 - pdb path: .;D:\Program Files\JetBrains\IntelliJ IDEA Community Edition 2019.2.3\jbr\bin;C:\WINDOWS\SYSTEM32;C:\WINDOWS\WinSxS\amd64_microsoft.windows.common-controls_6595b64144ccf1df_6.0.18362.1082_none_9e8193e1e45b25c1;D:\Program Files\JetBrains\IntelliJ IDEA Community Edition 2019.2.3\jbr\bin\server;D:\Program Files\JetBrains\IntelliJ IDEA Community Edition 2019.2.3\bin;C:\Uni\ILP\cw2\or-tools

VM Arguments:
jvm_args: -Djava.library.path=C:\Uni\ILP\cw2\or-tools -javaagent:D:\Program Files\JetBrains\IntelliJ IDEA Community Edition 2019.2.3\lib\idea_rt.jar=58261:D:\Program Files\JetBrains\IntelliJ IDEA Community Edition 2019.2.3\bin -Dfile.encoding=UTF-8 
java_command: uk.ac.ed.inf.TspCities
java_class_path (initial): C:\Uni\ILP\cw2\target\classes;C:\Uni\ILP\cw2\or-tools\protobuf.jar;C:\Uni\ILP\cw2\or-tools\com.google.ortools.jar;C:\Users\dupst\.m2\repository\com\mapbox\mapboxsdk\mapbox-sdk-geojson\5.5.0\mapbox-sdk-geojson-5.5.0.jar;C:\Users\dupst\.m2\repository\com\google\code\gson\gson\2.8.6\gson-2.8.6.jar;C:\Users\dupst\.m2\repository\org\locationtech\jts\jts-core\1.17.1\jts-core-1.17.1.jar
Launcher Type: SUN_STANDARD

[Global flags]
     intx CICompilerCount                          = 4                                         {product} {ergonomic}
     uint ConcGCThreads                            = 2                                         {product} {ergonomic}
     uint G1ConcRefinementThreads                  = 8                                         {product} {ergonomic}
   size_t G1HeapRegionSize                         = 1048576                                   {product} {ergonomic}
    uintx GCDrainStackTargetSize                   = 64                                        {product} {ergonomic}
   size_t InitialHeapSize                          = 268435456                                 {product} {ergonomic}
   size_t MarkStackSize                            = 4194304                                   {product} {ergonomic}
   size_t MaxHeapSize                              = 4284481536                                {product} {ergonomic}
   size_t MaxNewSize                               = 2570059776                                {product} {ergonomic}
   size_t MinHeapDeltaBytes                        = 1048576                                   {product} {ergonomic}
    uintx NonNMethodCodeHeapSize                   = 5835340                                {pd product} {ergonomic}
    uintx NonProfiledCodeHeapSize                  = 122911450                              {pd product} {ergonomic}
    uintx ProfiledCodeHeapSize                     = 122911450                              {pd product} {ergonomic}
    uintx ReservedCodeCacheSize                    = 251658240                              {pd product} {ergonomic}
     bool SegmentedCodeCache                       = true                                      {product} {ergonomic}
     bool UseCompressedClassPointers               = true                                 {lp64_product} {ergonomic}
     bool UseCompressedOops                        = true                                 {lp64_product} {ergonomic}
     bool UseG1GC                                  = true                                      {product} {ergonomic}
     bool UseLargePagesIndividualAllocation        = false                                  {pd product} {ergonomic}

Logging:
Log output configuration:
 #0: stdout all=warning uptime,level,tags
 #1: stderr all=off uptime,level,tags

Environment Variables:
PATH=D:\Program Files\JetBrains\IntelliJ IDEA Community Edition 2019.2.3\jbr\bin;C:\Program Files\Haskell\bin;D:\Program Files\Haskell Platform\8.6.5\lib\extralibs\bin;D:\Program Files\Haskell Platform\8.6.5\bin;C:\Program Files\NVIDIA GPU Computing Toolkit\CUDA\v10.1\bin;C:\Program Files\NVIDIA GPU Computing Toolkit\CUDA\v10.1\libnvvp;C:\Program Files (x86)\Intel\iCLS Client\;C:\Program Files\Intel\iCLS Client\;C:\Windows\system32;C:\Windows;C:\Windows\System32\Wbem;C:\Windows\System32\WindowsPowerShell\v1.0\;C:\Program Files (x86)\Intel\Intel(R) Management Engine Components\DAL;C:\Program Files\Intel\Intel(R) Management Engine Components\DAL;C:\Program Files (x86)\Intel\Intel(R) Management Engine Components\IPT;C:\Program Files\Intel\Intel(R) Management Engine Components\IPT;C:\Program Files (x86)\NVIDIA Corporation\PhysX\Common;C:\Program Files\Intel\WiFi\bin\;C:\Program Files\Common Files\Intel\WirelessCommon\;C:\Program Files\NVIDIA Corporation\NVIDIA NvDLISR;C:\WINDOWS\system32;C:\WINDOWS;C:\WINDOWS\System32\Wbem;C:\WINDOWS\System32\WindowsPowerShell\v1.0\;C:\WINDOWS\System32\OpenSSH\;C:\Program Files\NVIDIA Corporation\Nsight Compute 2019.3.0\;C:\Program Files\dotnet\;C:\ffmpeg\bin;D:\Program Files\Haskell Platform\8.6.5\mingw\bin;C:\MinGW\bin;C:\MinGW\msys\1.0\bin;C:\WINDOWS\system32;C:\WINDOWS;C:\WINDOWS\System32\Wbem;C:\WINDOWS\System32\WindowsPowerShell\v1.0\;C:\WINDOWS\System32\OpenSSH\;C:\Program Files\Git\cmd;D:\Program Files\cmake-3.16.2-win64-x64\bin;C:\Users\dupst\Downloads\bazel.exe;C:\Program Files\OpenAFS\Client\Program;C:\Program Files (x86)\OpenAFS\Client\Program;C:\Program Files\Heimdal\bin\;D:\Program Files\nodejs\;C:\Users\dupst\.windows-build-tools\python27\;C:\Users\dupst\AppData\Roaming\cabal\bin;D:\Users\dupst\AppData\Roaming\local\bin;C:\Users\dupst\AppData\Local\Microsoft\WindowsApps;C:\Program Files\NVIDIA GPU Computing Toolkit\CUDA\v10.1;C:\Program Files\NVIDIA GPU Computing Toolkit\CUDA\v10.1\lib\x64;C:\Program Files\NVIDIA GPU Computi
USERNAME=dupst
OS=Windows_NT
PROCESSOR_IDENTIFIER=Intel64 Family 6 Model 158 Stepping 9, GenuineIntel



---------------  S Y S T E M  ---------------

OS: Windows 10 , 64 bit Build 18362 (10.0.18362.1082)

CPU:total 8 (initial active 8) (4 cores per cpu, 2 threads per core) family 6 model 158 stepping 9, cmov, cx8, fxsr, mmx, sse, sse2, sse3, ssse3, sse4.1, sse4.2, popcnt, avx, avx2, aes, clmul, erms, 3dnowpref, lzcnt, ht, tsc, tscinvbit, bmi1, bmi2, adx, fma

Memory: 4k page, system-wide physical 16338M (7503M free)
TotalPageFile size 20067M (AvailPageFile size 3839M)
current process WorkingSet (physical memory assigned to process): 62M, peak: 62M
current process commit charge ("private bytes"): 371M, peak: 371M

vm_info: OpenJDK 64-Bit Server VM (11.0.4+10-b304.69) for windows-amd64 JRE (11.0.4+10-b304.69), built on Sep  9 2019 11:39:50 by "" with MS VC++ 14.0 (VS2015)

END.
